{"/Users/admin/Desktop/hrla-FEC-Reviews/restaurantData.js": {"path":"/Users/admin/Desktop/hrla-FEC-Reviews/restaurantData.js","statementMap":{"0":{"start":{"line":1,"column":13},"end":{"line":2399,"column":1}}},"fnMap":{},"branchMap":{},"s":{"0":1},"f":{},"b":{},"_coverageSchema":"43e27e138ebf9cfc5966b082cf9a028302ed4184","hash":"38e15a9d0e8b9c33e1bd44993b65df732d031815"}
,"/Users/admin/Desktop/hrla-FEC-Reviews/client/Components/App.jsx": {"path":"/Users/admin/Desktop/hrla-FEC-Reviews/client/Components/App.jsx","statementMap":{"0":{"start":{"line":10,"column":4},"end":{"line":10,"column":12}},"1":{"start":{"line":11,"column":4},"end":{"line":14,"column":5}},"2":{"start":{"line":15,"column":4},"end":{"line":15,"column":79}},"3":{"start":{"line":16,"column":4},"end":{"line":16,"column":91}},"4":{"start":{"line":17,"column":4},"end":{"line":17,"column":51}},"5":{"start":{"line":21,"column":4},"end":{"line":21,"column":37}},"6":{"start":{"line":25,"column":14},"end":{"line":25,"column":34}},"7":{"start":{"line":26,"column":4},"end":{"line":30,"column":68}},"8":{"start":{"line":28,"column":8},"end":{"line":28,"column":51}},"9":{"start":{"line":30,"column":20},"end":{"line":30,"column":66}},"10":{"start":{"line":35,"column":13},"end":{"line":35,"column":33}},"11":{"start":{"line":37,"column":4},"end":{"line":41,"column":5}},"12":{"start":{"line":37,"column":17},"end":{"line":37,"column":18}},"13":{"start":{"line":38,"column":6},"end":{"line":40,"column":7}},"14":{"start":{"line":39,"column":8},"end":{"line":39,"column":33}},"15":{"start":{"line":45,"column":4},"end":{"line":58,"column":5}},"16":{"start":{"line":46,"column":29},"end":{"line":48,"column":8}},"17":{"start":{"line":47,"column":8},"end":{"line":47,"column":51}},"18":{"start":{"line":49,"column":27},"end":{"line":49,"column":81}},"19":{"start":{"line":50,"column":6},"end":{"line":50,"column":83}},"20":{"start":{"line":52,"column":11},"end":{"line":58,"column":5}},"21":{"start":{"line":54,"column":29},"end":{"line":56,"column":8}},"22":{"start":{"line":55,"column":8},"end":{"line":55,"column":43}},"23":{"start":{"line":57,"column":6},"end":{"line":57,"column":51}},"24":{"start":{"line":62,"column":4},"end":{"line":68,"column":5}}},"fnMap":{"0":{"name":"(anonymous_0)","decl":{"start":{"line":9,"column":2},"end":{"line":9,"column":3}},"loc":{"start":{"line":9,"column":16},"end":{"line":18,"column":3}},"line":9},"1":{"name":"(anonymous_1)","decl":{"start":{"line":20,"column":2},"end":{"line":20,"column":3}},"loc":{"start":{"line":20,"column":22},"end":{"line":22,"column":3}},"line":20},"2":{"name":"(anonymous_2)","decl":{"start":{"line":24,"column":2},"end":{"line":24,"column":3}},"loc":{"start":{"line":24,"column":30},"end":{"line":31,"column":3}},"line":24},"3":{"name":"(anonymous_3)","decl":{"start":{"line":27,"column":13},"end":{"line":27,"column":14}},"loc":{"start":{"line":27,"column":21},"end":{"line":29,"column":7}},"line":27},"4":{"name":"(anonymous_4)","decl":{"start":{"line":30,"column":13},"end":{"line":30,"column":14}},"loc":{"start":{"line":30,"column":20},"end":{"line":30,"column":66}},"line":30},"5":{"name":"(anonymous_5)","decl":{"start":{"line":33,"column":2},"end":{"line":33,"column":3}},"loc":{"start":{"line":33,"column":40},"end":{"line":42,"column":3}},"line":33},"6":{"name":"(anonymous_6)","decl":{"start":{"line":44,"column":2},"end":{"line":44,"column":3}},"loc":{"start":{"line":44,"column":52},"end":{"line":59,"column":3}},"line":44},"7":{"name":"(anonymous_7)","decl":{"start":{"line":46,"column":39},"end":{"line":46,"column":40}},"loc":{"start":{"line":46,"column":52},"end":{"line":48,"column":7}},"line":46},"8":{"name":"(anonymous_8)","decl":{"start":{"line":54,"column":39},"end":{"line":54,"column":40}},"loc":{"start":{"line":54,"column":52},"end":{"line":56,"column":7}},"line":54},"9":{"name":"(anonymous_9)","decl":{"start":{"line":61,"column":2},"end":{"line":61,"column":3}},"loc":{"start":{"line":61,"column":11},"end":{"line":69,"column":3}},"line":61}},"branchMap":{"0":{"loc":{"start":{"line":38,"column":6},"end":{"line":40,"column":7}},"type":"if","locations":[{"start":{"line":38,"column":6},"end":{"line":40,"column":7}},{"start":{"line":38,"column":6},"end":{"line":40,"column":7}}],"line":38},"1":{"loc":{"start":{"line":44,"column":22},"end":{"line":44,"column":50}},"type":"default-arg","locations":[{"start":{"line":44,"column":29},"end":{"line":44,"column":50}}],"line":44},"2":{"loc":{"start":{"line":45,"column":4},"end":{"line":58,"column":5}},"type":"if","locations":[{"start":{"line":45,"column":4},"end":{"line":58,"column":5}},{"start":{"line":45,"column":4},"end":{"line":58,"column":5}}],"line":45},"3":{"loc":{"start":{"line":52,"column":11},"end":{"line":58,"column":5}},"type":"if","locations":[{"start":{"line":52,"column":11},"end":{"line":58,"column":5}},{"start":{"line":52,"column":11},"end":{"line":58,"column":5}}],"line":52}},"s":{"0":1,"1":1,"2":1,"3":1,"4":1,"5":1,"6":1,"7":1,"8":0,"9":0,"10":0,"11":0,"12":0,"13":0,"14":0,"15":0,"16":0,"17":0,"18":0,"19":0,"20":0,"21":0,"22":0,"23":0,"24":1},"f":{"0":1,"1":1,"2":1,"3":0,"4":0,"5":0,"6":0,"7":0,"8":0,"9":1},"b":{"0":[0,0],"1":[0],"2":[0,0],"3":[0,0]},"_coverageSchema":"43e27e138ebf9cfc5966b082cf9a028302ed4184","hash":"6b510aa405c4083bf46824c20b2b505497ed7bed"}
,"/Users/admin/Desktop/hrla-FEC-Reviews/client/Components/Footer/Footer.jsx": {"path":"/Users/admin/Desktop/hrla-FEC-Reviews/client/Components/Footer/Footer.jsx","statementMap":{"0":{"start":{"line":4,"column":15},"end":{"line":70,"column":1}},"1":{"start":{"line":5,"column":2},"end":{"line":69,"column":3}}},"fnMap":{"0":{"name":"(anonymous_0)","decl":{"start":{"line":4,"column":15},"end":{"line":4,"column":16}},"loc":{"start":{"line":4,"column":26},"end":{"line":70,"column":1}},"line":4}},"branchMap":{},"s":{"0":1,"1":0},"f":{"0":0},"b":{},"_coverageSchema":"43e27e138ebf9cfc5966b082cf9a028302ed4184","hash":"d74c990f3776a2db46c8b87be90cd7c7961296dd"}
,"/Users/admin/Desktop/hrla-FEC-Reviews/client/Components/ReviewHeader/ReviewHeader.jsx": {"path":"/Users/admin/Desktop/hrla-FEC-Reviews/client/Components/ReviewHeader/ReviewHeader.jsx","statementMap":{"0":{"start":{"line":4,"column":21},"end":{"line":73,"column":1}},"1":{"start":{"line":10,"column":2},"end":{"line":16,"column":3}},"2":{"start":{"line":11,"column":4},"end":{"line":11,"column":54}},"3":{"start":{"line":12,"column":4},"end":{"line":12,"column":46}},"4":{"start":{"line":13,"column":4},"end":{"line":13,"column":44}},"5":{"start":{"line":14,"column":4},"end":{"line":14,"column":48}},"6":{"start":{"line":15,"column":4},"end":{"line":15,"column":50}},"7":{"start":{"line":19,"column":2},"end":{"line":46,"column":3}},"8":{"start":{"line":20,"column":4},"end":{"line":20,"column":96}},"9":{"start":{"line":22,"column":7},"end":{"line":46,"column":3}},"10":{"start":{"line":23,"column":4},"end":{"line":23,"column":104}},"11":{"start":{"line":25,"column":7},"end":{"line":46,"column":3}},"12":{"start":{"line":26,"column":4},"end":{"line":26,"column":96}},"13":{"start":{"line":28,"column":7},"end":{"line":46,"column":3}},"14":{"start":{"line":29,"column":4},"end":{"line":29,"column":105}},"15":{"start":{"line":31,"column":7},"end":{"line":46,"column":3}},"16":{"start":{"line":32,"column":4},"end":{"line":32,"column":97}},"17":{"start":{"line":34,"column":7},"end":{"line":46,"column":3}},"18":{"start":{"line":35,"column":4},"end":{"line":35,"column":103}},"19":{"start":{"line":38,"column":7},"end":{"line":46,"column":3}},"20":{"start":{"line":39,"column":4},"end":{"line":39,"column":95}},"21":{"start":{"line":41,"column":7},"end":{"line":46,"column":3}},"22":{"start":{"line":42,"column":4},"end":{"line":42,"column":27}},"23":{"start":{"line":44,"column":7},"end":{"line":46,"column":3}},"24":{"start":{"line":45,"column":4},"end":{"line":45,"column":95}},"25":{"start":{"line":49,"column":2},"end":{"line":72,"column":3}}},"fnMap":{"0":{"name":"(anonymous_0)","decl":{"start":{"line":4,"column":21},"end":{"line":4,"column":22}},"loc":{"start":{"line":4,"column":32},"end":{"line":73,"column":1}},"line":4}},"branchMap":{"0":{"loc":{"start":{"line":10,"column":2},"end":{"line":16,"column":3}},"type":"if","locations":[{"start":{"line":10,"column":2},"end":{"line":16,"column":3}},{"start":{"line":10,"column":2},"end":{"line":16,"column":3}}],"line":10},"1":{"loc":{"start":{"line":19,"column":2},"end":{"line":46,"column":3}},"type":"if","locations":[{"start":{"line":19,"column":2},"end":{"line":46,"column":3}},{"start":{"line":19,"column":2},"end":{"line":46,"column":3}}],"line":19},"2":{"loc":{"start":{"line":22,"column":7},"end":{"line":46,"column":3}},"type":"if","locations":[{"start":{"line":22,"column":7},"end":{"line":46,"column":3}},{"start":{"line":22,"column":7},"end":{"line":46,"column":3}}],"line":22},"3":{"loc":{"start":{"line":25,"column":7},"end":{"line":46,"column":3}},"type":"if","locations":[{"start":{"line":25,"column":7},"end":{"line":46,"column":3}},{"start":{"line":25,"column":7},"end":{"line":46,"column":3}}],"line":25},"4":{"loc":{"start":{"line":28,"column":7},"end":{"line":46,"column":3}},"type":"if","locations":[{"start":{"line":28,"column":7},"end":{"line":46,"column":3}},{"start":{"line":28,"column":7},"end":{"line":46,"column":3}}],"line":28},"5":{"loc":{"start":{"line":31,"column":7},"end":{"line":46,"column":3}},"type":"if","locations":[{"start":{"line":31,"column":7},"end":{"line":46,"column":3}},{"start":{"line":31,"column":7},"end":{"line":46,"column":3}}],"line":31},"6":{"loc":{"start":{"line":34,"column":7},"end":{"line":46,"column":3}},"type":"if","locations":[{"start":{"line":34,"column":7},"end":{"line":46,"column":3}},{"start":{"line":34,"column":7},"end":{"line":46,"column":3}}],"line":34},"7":{"loc":{"start":{"line":38,"column":7},"end":{"line":46,"column":3}},"type":"if","locations":[{"start":{"line":38,"column":7},"end":{"line":46,"column":3}},{"start":{"line":38,"column":7},"end":{"line":46,"column":3}}],"line":38},"8":{"loc":{"start":{"line":41,"column":7},"end":{"line":46,"column":3}},"type":"if","locations":[{"start":{"line":41,"column":7},"end":{"line":46,"column":3}},{"start":{"line":41,"column":7},"end":{"line":46,"column":3}}],"line":41},"9":{"loc":{"start":{"line":44,"column":7},"end":{"line":46,"column":3}},"type":"if","locations":[{"start":{"line":44,"column":7},"end":{"line":46,"column":3}},{"start":{"line":44,"column":7},"end":{"line":46,"column":3}}],"line":44}},"s":{"0":1,"1":0,"2":0,"3":0,"4":0,"5":0,"6":0,"7":0,"8":0,"9":0,"10":0,"11":0,"12":0,"13":0,"14":0,"15":0,"16":0,"17":0,"18":0,"19":0,"20":0,"21":0,"22":0,"23":0,"24":0,"25":0},"f":{"0":0},"b":{"0":[0,0],"1":[0,0],"2":[0,0],"3":[0,0],"4":[0,0],"5":[0,0],"6":[0,0],"7":[0,0],"8":[0,0],"9":[0,0]},"_coverageSchema":"43e27e138ebf9cfc5966b082cf9a028302ed4184","hash":"406a3debd897ab9852c67ea7b0a5f02a93bc5f44"}
,"/Users/admin/Desktop/hrla-FEC-Reviews/client/Components/ReviewList/ReviewList.jsx": {"path":"/Users/admin/Desktop/hrla-FEC-Reviews/client/Components/ReviewList/ReviewList.jsx","statementMap":{"0":{"start":{"line":8,"column":4},"end":{"line":8,"column":17}},"1":{"start":{"line":9,"column":4},"end":{"line":11,"column":5}},"2":{"start":{"line":12,"column":4},"end":{"line":12,"column":61}},"3":{"start":{"line":16,"column":21},"end":{"line":16,"column":35}},"4":{"start":{"line":17,"column":4},"end":{"line":17,"column":39}},"5":{"start":{"line":18,"column":4},"end":{"line":18,"column":31}},"6":{"start":{"line":22,"column":21},"end":{"line":22,"column":41}},"7":{"start":{"line":24,"column":4},"end":{"line":47,"column":5}},"8":{"start":{"line":38,"column":12},"end":{"line":38,"column":63}}},"fnMap":{"0":{"name":"(anonymous_0)","decl":{"start":{"line":7,"column":2},"end":{"line":7,"column":3}},"loc":{"start":{"line":7,"column":21},"end":{"line":13,"column":3}},"line":7},"1":{"name":"(anonymous_1)","decl":{"start":{"line":15,"column":2},"end":{"line":15,"column":3}},"loc":{"start":{"line":15,"column":22},"end":{"line":19,"column":3}},"line":15},"2":{"name":"(anonymous_2)","decl":{"start":{"line":21,"column":2},"end":{"line":21,"column":3}},"loc":{"start":{"line":21,"column":11},"end":{"line":48,"column":3}},"line":21},"3":{"name":"(anonymous_3)","decl":{"start":{"line":37,"column":37},"end":{"line":37,"column":38}},"loc":{"start":{"line":37,"column":60},"end":{"line":39,"column":11}},"line":37}},"branchMap":{},"s":{"0":0,"1":0,"2":0,"3":0,"4":0,"5":0,"6":0,"7":0,"8":0},"f":{"0":0,"1":0,"2":0,"3":0},"b":{},"_coverageSchema":"43e27e138ebf9cfc5966b082cf9a028302ed4184","hash":"4bd2b5ee9c44d0941430252b74e2f39cf9037805"}
,"/Users/admin/Desktop/hrla-FEC-Reviews/client/Components/ReviewList/ReviewListItem/ReviewListItem.jsx": {"path":"/Users/admin/Desktop/hrla-FEC-Reviews/client/Components/ReviewList/ReviewListItem/ReviewListItem.jsx","statementMap":{"0":{"start":{"line":6,"column":23},"end":{"line":70,"column":1}},"1":{"start":{"line":10,"column":2},"end":{"line":19,"column":3}},"2":{"start":{"line":11,"column":4},"end":{"line":11,"column":34}},"3":{"start":{"line":12,"column":4},"end":{"line":12,"column":100}},"4":{"start":{"line":13,"column":9},"end":{"line":19,"column":3}},"5":{"start":{"line":14,"column":4},"end":{"line":14,"column":30}},"6":{"start":{"line":15,"column":4},"end":{"line":15,"column":106}},"7":{"start":{"line":17,"column":4},"end":{"line":17,"column":63}},"8":{"start":{"line":18,"column":4},"end":{"line":18,"column":106}},"9":{"start":{"line":23,"column":17},"end":{"line":23,"column":40}},"10":{"start":{"line":24,"column":2},"end":{"line":34,"column":3}},"11":{"start":{"line":25,"column":4},"end":{"line":25,"column":97}},"12":{"start":{"line":26,"column":9},"end":{"line":34,"column":3}},"13":{"start":{"line":27,"column":4},"end":{"line":27,"column":97}},"14":{"start":{"line":28,"column":9},"end":{"line":34,"column":3}},"15":{"start":{"line":29,"column":4},"end":{"line":29,"column":99}},"16":{"start":{"line":30,"column":9},"end":{"line":34,"column":3}},"17":{"start":{"line":31,"column":4},"end":{"line":31,"column":98}},"18":{"start":{"line":32,"column":9},"end":{"line":34,"column":3}},"19":{"start":{"line":33,"column":4},"end":{"line":33,"column":98}},"20":{"start":{"line":37,"column":19},"end":{"line":37,"column":29}},"21":{"start":{"line":38,"column":19},"end":{"line":38,"column":46}},"22":{"start":{"line":39,"column":20},"end":{"line":39,"column":83}},"23":{"start":{"line":42,"column":2},"end":{"line":46,"column":3}},"24":{"start":{"line":43,"column":4},"end":{"line":43,"column":54}},"25":{"start":{"line":45,"column":4},"end":{"line":45,"column":67}},"26":{"start":{"line":50,"column":2},"end":{"line":54,"column":3}},"27":{"start":{"line":51,"column":4},"end":{"line":53,"column":13}},"28":{"start":{"line":52,"column":6},"end":{"line":52,"column":51}},"29":{"start":{"line":56,"column":2},"end":{"line":69,"column":3}}},"fnMap":{"0":{"name":"(anonymous_0)","decl":{"start":{"line":6,"column":23},"end":{"line":6,"column":24}},"loc":{"start":{"line":6,"column":34},"end":{"line":70,"column":1}},"line":6},"1":{"name":"(anonymous_1)","decl":{"start":{"line":51,"column":134},"end":{"line":51,"column":135}},"loc":{"start":{"line":51,"column":157},"end":{"line":53,"column":5}},"line":51}},"branchMap":{"0":{"loc":{"start":{"line":10,"column":2},"end":{"line":19,"column":3}},"type":"if","locations":[{"start":{"line":10,"column":2},"end":{"line":19,"column":3}},{"start":{"line":10,"column":2},"end":{"line":19,"column":3}}],"line":10},"1":{"loc":{"start":{"line":13,"column":9},"end":{"line":19,"column":3}},"type":"if","locations":[{"start":{"line":13,"column":9},"end":{"line":19,"column":3}},{"start":{"line":13,"column":9},"end":{"line":19,"column":3}}],"line":13},"2":{"loc":{"start":{"line":24,"column":2},"end":{"line":34,"column":3}},"type":"if","locations":[{"start":{"line":24,"column":2},"end":{"line":34,"column":3}},{"start":{"line":24,"column":2},"end":{"line":34,"column":3}}],"line":24},"3":{"loc":{"start":{"line":26,"column":9},"end":{"line":34,"column":3}},"type":"if","locations":[{"start":{"line":26,"column":9},"end":{"line":34,"column":3}},{"start":{"line":26,"column":9},"end":{"line":34,"column":3}}],"line":26},"4":{"loc":{"start":{"line":28,"column":9},"end":{"line":34,"column":3}},"type":"if","locations":[{"start":{"line":28,"column":9},"end":{"line":34,"column":3}},{"start":{"line":28,"column":9},"end":{"line":34,"column":3}}],"line":28},"5":{"loc":{"start":{"line":30,"column":9},"end":{"line":34,"column":3}},"type":"if","locations":[{"start":{"line":30,"column":9},"end":{"line":34,"column":3}},{"start":{"line":30,"column":9},"end":{"line":34,"column":3}}],"line":30},"6":{"loc":{"start":{"line":32,"column":9},"end":{"line":34,"column":3}},"type":"if","locations":[{"start":{"line":32,"column":9},"end":{"line":34,"column":3}},{"start":{"line":32,"column":9},"end":{"line":34,"column":3}}],"line":32},"7":{"loc":{"start":{"line":42,"column":2},"end":{"line":46,"column":3}},"type":"if","locations":[{"start":{"line":42,"column":2},"end":{"line":46,"column":3}},{"start":{"line":42,"column":2},"end":{"line":46,"column":3}}],"line":42},"8":{"loc":{"start":{"line":50,"column":2},"end":{"line":54,"column":3}},"type":"if","locations":[{"start":{"line":50,"column":2},"end":{"line":54,"column":3}},{"start":{"line":50,"column":2},"end":{"line":54,"column":3}}],"line":50}},"s":{"0":1,"1":0,"2":0,"3":0,"4":0,"5":0,"6":0,"7":0,"8":0,"9":0,"10":0,"11":0,"12":0,"13":0,"14":0,"15":0,"16":0,"17":0,"18":0,"19":0,"20":0,"21":0,"22":0,"23":0,"24":0,"25":0,"26":0,"27":0,"28":0,"29":0},"f":{"0":0,"1":0},"b":{"0":[0,0],"1":[0,0],"2":[0,0],"3":[0,0],"4":[0,0],"5":[0,0],"6":[0,0],"7":[0,0],"8":[0,0]},"_coverageSchema":"43e27e138ebf9cfc5966b082cf9a028302ed4184","hash":"ed3e7edc9cbf87d2aa5bd95c0df6c76c57cc814e"}
,"/Users/admin/Desktop/hrla-FEC-Reviews/client/Components/ReviewList/ReviewListItem/OrderItem/OrderItem.jsx": {"path":"/Users/admin/Desktop/hrla-FEC-Reviews/client/Components/ReviewList/ReviewListItem/OrderItem/OrderItem.jsx","statementMap":{"0":{"start":{"line":5,"column":18},"end":{"line":22,"column":1}},"1":{"start":{"line":6,"column":15},"end":{"line":8,"column":42}},"2":{"start":{"line":9,"column":20},"end":{"line":9,"column":69}},"3":{"start":{"line":11,"column":2},"end":{"line":21,"column":3}}},"fnMap":{"0":{"name":"(anonymous_0)","decl":{"start":{"line":5,"column":18},"end":{"line":5,"column":19}},"loc":{"start":{"line":5,"column":29},"end":{"line":22,"column":1}},"line":5}},"branchMap":{},"s":{"0":1,"1":0,"2":0,"3":0},"f":{"0":0},"b":{},"_coverageSchema":"43e27e138ebf9cfc5966b082cf9a028302ed4184","hash":"c5f28654d9484cc4d17cf7eb9e332ba89c7310da"}
}
